4 30 817
6 20 618
8 10 447
4 30 850
6 20 671
8 10 509
4 30 873
6 20 712
8 10 556
4 30 899
6 20 748
8 10 596
4 30 943
6 20 827
8 10 682
4 30 974
6 20 881
8 10 739
4 30 1003
6 20 933
8 10 799
4 30 1045
6 20 998
8 10 868
4 30 1068
6 20 1039
8 10 916
4 30 1089
6 20 1076
8 10 961
4 30 1156
6 20 1188
8 10 1085
4 30 1199
6 20 1271
8 10 1179
4 30 1226
6 20 1321
8 10 1241
4 30 1252
6 20 1361
8 10 1294
4 30 1381
6 20 1562
8 10 1532
4 30 1439
6 20 1664
8 10 1653
4 30 1524
6 20 1792
8 10 1803
4 30 1551
6 20 1843
8 10 1863
4 30 1577
6 20 1885
8 10 1907
4 30 1608
6 20 1930
8 10 1957
4 30 1670
6 20 2023
8 10 2066
4 30 1701
6 20 2067
8 10 2116
4 30 1750
6 20 2155
8 10 2214
4 30 1772
6 20 2191
8 10 2257
4 30 1825
6 20 2272
8 10 2360
4 30 1848
6 20 2311
8 10 2406
4 30 1895
6 20 2376
8 10 2484
4 30 1943
6 20 2446
8 10 2566
4 30 1975
6 20 2493
8 10 2625
4 30 1998
6 20 2527
8 10 2668
4 30 2038
6 20 2595
8 10 2742
4 30 2108
6 20 2697
8 10 2865
4 30 2145
6 20 2759
8 10 2935
4 30 2170
6 20 2793
8 10 2979
4 30 2189
6 20 2836
8 10 3024
4 30 2241
6 20 2918
8 10 3119
4 30 2287
6 20 2995
8 10 3216
4 30 2320
6 20 3043
8 10 3269
4 30 2362
6 20 3123
8 10 3362
4 30 2385
6 20 3157
8 10 3407
4 30 2410
6 20 3199
8 10 3457
4 30 2482
6 20 3302
8 10 3580
4 30 2520
6 20 3372
8 10 3664
4 30 2643
6 20 3579
8 10 3913
4 30 2726
6 20 3721
8 10 4086
4 30 2746
6 20 3763
8 10 4136
4 30 2771
6 20 3804
8 10 4186
4 30 2829
6 20 3890
8 10 4286
4 30 2865
6 20 3949
8 10 4359
4 30 2894
6 20 3998
8 10 4422
4 30 2918
6 20 4046
8 10 4477
4 30 2987
6 20 4152
8 10 4598
4 30 3020
6 20 4208
8 10 4667
4 30 3090
6 20 4317
8 10 4814
4 30 3112
6 20 4351
8 10 4858
4 30 3168
6 20 4430
8 10 4953
4 30 3191
6 20 4468
8 10 4998
4 30 3213
6 20 4516
8 10 5059
4 30 3266
6 20 4596
8 10 5153
4 30 3302
6 20 4658
8 10 5229
4 30 3328
6 20 4700
8 10 5280